Unity Editor version:    2021.3.17f1 (3e8111cac19d)
Branch:                  2021.3/release
Build type:              Release
Batch mode:              YES
macOS version:           Version 13.0 (Build 22A5352e)
Darwin version:          22.1.0
Architecture:            arm64
Running under Rosetta:   NO
Available memory:        16384 MB
Using pre-set license
Pro License: YES

COMMAND LINE ARGUMENTS:
/Applications/Unity/Hub/Editor/2021.3.17f1/Unity.app/Contents/MacOS/Unity
-adb2
-batchMode
-noUpm
-name
AssetImportWorker1
-projectPath
/Users/sergei/dz3/dz3_2
-logFile
Logs/AssetImportWorker1.log
-srvPort
62129
Successfully changed project path to: /Users/sergei/dz3/dz3_2
/Users/sergei/dz3/dz3_2
[UnityMemory] Configuration Parameters - Can be set up in boot.config
    "memorysetup-bucket-allocator-granularity=16"
    "memorysetup-bucket-allocator-bucket-count=8"
    "memorysetup-bucket-allocator-block-size=33554432"
    "memorysetup-bucket-allocator-block-count=8"
    "memorysetup-main-allocator-block-size=16777216"
    "memorysetup-thread-allocator-block-size=16777216"
    "memorysetup-gfx-main-allocator-block-size=16777216"
    "memorysetup-gfx-thread-allocator-block-size=16777216"
    "memorysetup-cache-allocator-block-size=4194304"
    "memorysetup-typetree-allocator-block-size=2097152"
    "memorysetup-profiler-bucket-allocator-granularity=16"
    "memorysetup-profiler-bucket-allocator-bucket-count=8"
    "memorysetup-profiler-bucket-allocator-block-size=33554432"
    "memorysetup-profiler-bucket-allocator-block-count=8"
    "memorysetup-profiler-allocator-block-size=16777216"
    "memorysetup-profiler-editor-allocator-block-size=1048576"
    "memorysetup-temp-allocator-size-main=16777216"
    "memorysetup-job-temp-allocator-block-size=2097152"
    "memorysetup-job-temp-allocator-block-size-background=1048576"
    "memorysetup-job-temp-allocator-reduction-small-platforms=262144"
    "memorysetup-temp-allocator-size-background-worker=32768"
    "memorysetup-temp-allocator-size-job-worker=262144"
    "memorysetup-temp-allocator-size-preload-manager=33554432"
    "memorysetup-temp-allocator-size-nav-mesh-worker=65536"
    "memorysetup-temp-allocator-size-audio-worker=65536"
    "memorysetup-temp-allocator-size-cloud-worker=32768"
    "memorysetup-temp-allocator-size-gi-baking-worker=262144"
    "memorysetup-temp-allocator-size-gfx=262144"
Player connection [8642500224] Host "[IP] 192.168.1.167 [Port] 0 [Flags] 2 [Guid] 586457288 [EditorId] 586457288 [Version] 1048832 [Id] OSXEditor(0,MacBook-Pro.lan) [Debug] 1 [PackageName] OSXEditor [ProjectName] Editor" joined multi-casting on [225.0.0.222:54997]...

Player connection [8642500224] Host "[IP] 192.168.1.167 [Port] 0 [Flags] 2 [Guid] 586457288 [EditorId] 586457288 [Version] 1048832 [Id] OSXEditor(0,MacBook-Pro.lan) [Debug] 1 [PackageName] OSXEditor [ProjectName] Editor" joined alternative multi-casting on [225.0.0.222:34997]...

Refreshing native plugins compatible for Editor in 135.63 ms, found 2 plugins.
Preloading 0 native plugins for Editor in 0.00 ms.
Initialize engine version: 2021.3.17f1 (3e8111cac19d)
[Subsystems] Discovering subsystems at path /Applications/Unity/Hub/Editor/2021.3.17f1/Unity.app/Contents/Resources/UnitySubsystems
[Subsystems] Discovering subsystems at path /Users/sergei/dz3/dz3_2/Assets
GfxDevice: creating device client; threaded=0; jobified=0
 preferred device: Apple M1 Pro (high power)
Metal devices available: 1
0: Apple M1 Pro (high power)
Using device Apple M1 Pro (high power)
Initializing Metal device caps: Apple M1 Pro
Initialize mono
Mono path[0] = '/Applications/Unity/Hub/Editor/2021.3.17f1/Unity.app/Contents/Managed'
Mono path[1] = '/Applications/Unity/Hub/Editor/2021.3.17f1/Unity.app/Contents/MonoBleedingEdge/lib/mono/unityjit-macos'
Mono config path = '/Applications/Unity/Hub/Editor/2021.3.17f1/Unity.app/Contents/MonoBleedingEdge/etc'
Using monoOptions --debugger-agent=transport=dt_socket,embedding=1,server=y,suspend=n,address=127.0.0.1:56724
Begin MonoManager ReloadAssembly
Registering precompiled unity dll's ...
Register platform support module: /Applications/Unity/Hub/Editor/2021.3.17f1/Unity.app/Contents/PlaybackEngines/MacStandaloneSupport/UnityEditor.OSXStandalone.Extensions.dll
Register platform support module: /Applications/Unity/Hub/Editor/2021.3.17f1/PlaybackEngines/AndroidPlayer/UnityEditor.Android.Extensions.dll
Registered in 0.001625 seconds.
Native extension for Android target not found
Android Extension - Scanning For ADB Devices 97 ms
Native extension for OSXStandalone target not found
Refreshing native plugins compatible for Editor in 73.98 ms, found 2 plugins.
Preloading 0 native plugins for Editor in 0.00 ms.
Mono: successfully reloaded assembly
- Completed reload, in  0.607 seconds
Domain Reload Profiling:
	ReloadAssembly (607ms)
		BeginReloadAssembly (88ms)
			ExecutionOrderSort (0ms)
			DisableScriptedObjects (0ms)
			BackupInstance (0ms)
			ReleaseScriptingObjects (0ms)
			CreateAndSetChildDomain (0ms)
		EndReloadAssembly (448ms)
			LoadAssemblies (88ms)
			RebuildTransferFunctionScriptingTraits (0ms)
			SetupTypeCache (76ms)
			ReleaseScriptCaches (0ms)
			RebuildScriptCaches (19ms)
			SetupLoadedEditorAssemblies (324ms)
				LogAssemblyErrors (0ms)
				InitializePlatformSupportModulesInManaged (174ms)
				SetLoadedEditorAssemblies (0ms)
				RefreshPlugins (74ms)
				BeforeProcessingInitializeOnLoad (1ms)
				ProcessInitializeOnLoadAttributes (50ms)
				ProcessInitializeOnLoadMethodAttributes (26ms)
				AfterProcessingInitializeOnLoad (0ms)
				EditorAssembliesLoaded (0ms)
			ExecutionOrderSort2 (0ms)
			AwakeInstancesAfterBackupRestoration (0ms)
Platform modules already initialized, skipping
Registering precompiled user dll's ...
Registered in 0.002645 seconds.
Begin MonoManager ReloadAssembly
Symbol file data-0x130030000 doesn't match image /Users/sergei/dz3/dz3_2/Library/ScriptAssemblies/Unity.VisualScripting.Flow.Editor.dll
Symbol file LoadedFromMemory is not a mono symbol file
Symbol file data-0x13eb0e600 doesn't match image /Users/sergei/dz3/dz3_2/Library/ScriptAssemblies/Unity.VSCode.Editor.dll
Symbol file LoadedFromMemory is not a mono symbol file
Symbol file data-0x140350000 doesn't match image /Users/sergei/dz3/dz3_2/Library/ScriptAssemblies/Unity.TextMeshPro.Editor.dll
Symbol file LoadedFromMemory is not a mono symbol file
Symbol file data-0x13eade200 doesn't match image /Users/sergei/dz3/dz3_2/Library/ScriptAssemblies/Unity.Services.Core.Telemetry.dll
Symbol file LoadedFromMemory is not a mono symbol file
Symbol file data-0x140350000 doesn't match image /Users/sergei/dz3/dz3_2/Library/ScriptAssemblies/Unity.Timeline.dll
Symbol file LoadedFromMemory is not a mono symbol file
Symbol file data-0x1403a8000 doesn't match image /Users/sergei/dz3/dz3_2/Library/ScriptAssemblies/Unity.VisualScripting.Core.Editor.dll
Symbol file LoadedFromMemory is not a mono symbol file
Symbol file data-0x140400000 doesn't match image /Users/sergei/dz3/dz3_2/Library/ScriptAssemblies/Unity.TextMeshPro.dll
Symbol file LoadedFromMemory is not a mono symbol file
Symbol file data-0x140350000 doesn't match image /Users/sergei/dz3/dz3_2/Library/ScriptAssemblies/Unity.VisualScripting.State.Editor.dll
Symbol file LoadedFromMemory is not a mono symbol file
Symbol file data-0x13f192200 doesn't match image /Users/sergei/dz3/dz3_2/Library/ScriptAssemblies/Unity.Services.Core.Networking.dll
Symbol file LoadedFromMemory is not a mono symbol file
Symbol file data-0x13eade200 doesn't match image /Users/sergei/dz3/dz3_2/Library/ScriptAssemblies/Unity.VisualScripting.SettingsProvider.Editor.dll
Symbol file LoadedFromMemory is not a mono symbol file
Symbol file data-0x1403c0000 doesn't match image /Users/sergei/dz3/dz3_2/Library/ScriptAssemblies/Unity.VisualScripting.Flow.dll
Symbol file LoadedFromMemory is not a mono symbol file
Symbol file data-0x1403f0000 doesn't match image /Users/sergei/dz3/dz3_2/Library/ScriptAssemblies/UnityEditor.UI.dll
Symbol file LoadedFromMemory is not a mono symbol file
Symbol file data-0x1403d0000 doesn't match image /Users/sergei/dz3/dz3_2/Library/ScriptAssemblies/Unity.Services.Core.Internal.dll
Symbol file LoadedFromMemory is not a mono symbol file
Symbol file data-0x140440000 doesn't match image /Users/sergei/dz3/dz3_2/Library/ScriptAssemblies/UnityEngine.UI.dll
Symbol file LoadedFromMemory is not a mono symbol file
Symbol file data-0x13eb29c00 doesn't match image /Users/sergei/dz3/dz3_2/Library/ScriptAssemblies/Unity.Services.Core.Configuration.dll
Symbol file LoadedFromMemory is not a mono symbol file
Symbol file data-0x13eb2e800 doesn't match image /Users/sergei/dz3/dz3_2/Library/ScriptAssemblies/Unity.Services.Core.dll
Symbol file LoadedFromMemory is not a mono symbol file
Symbol file data-0x1205a8000 doesn't match image /Users/sergei/dz3/dz3_2/Library/ScriptAssemblies/Unity.VisualScripting.Core.dll
Symbol file LoadedFromMemory is not a mono symbol file
Symbol file data-0x120600000 doesn't match image /Users/sergei/dz3/dz3_2/Library/ScriptAssemblies/Unity.Services.Core.Editor.dll
Symbol file LoadedFromMemory is not a mono symbol file
Symbol file data-0x13eb29c00 doesn't match image /Users/sergei/dz3/dz3_2/Library/ScriptAssemblies/Unity.Services.Core.Configuration.Editor.dll
Symbol file LoadedFromMemory is not a mono symbol file
Symbol file data-0x13eb2e600 doesn't match image /Users/sergei/dz3/dz3_2/Library/ScriptAssemblies/Unity.Services.Core.Analytics.dll
Symbol file LoadedFromMemory is not a mono symbol file
Symbol file data-0x13eb32200 doesn't match image /Users/sergei/dz3/dz3_2/Library/ScriptAssemblies/Unity.Services.Core.Registration.dll
Symbol file LoadedFromMemory is not a mono symbol file
Symbol file data-0x13eb36e00 doesn't match image /Users/sergei/dz3/dz3_2/Library/ScriptAssemblies/Unity.VisualScripting.Shared.Editor.dll
Symbol file LoadedFromMemory is not a mono symbol file
Symbol file data-0x13eb32200 doesn't match image /Users/sergei/dz3/dz3_2/Library/ScriptAssemblies/Unity.Services.Core.Environments.dll
Symbol file LoadedFromMemory is not a mono symbol file
Symbol file data-0x13eb40200 doesn't match image /Users/sergei/dz3/dz3_2/Library/ScriptAssemblies/Unity.Services.Core.Scheduler.dll
Symbol file LoadedFromMemory is not a mono symbol file
Symbol file data-0x13e089400 doesn't match image /Users/sergei/dz3/dz3_2/Library/ScriptAssemblies/Unity.Services.Core.Environments.Internal.dll
Symbol file LoadedFromMemory is not a mono symbol file
Symbol file data-0x1206b8000 doesn't match image /Users/sergei/dz3/dz3_2/Library/ScriptAssemblies/Unity.Timeline.Editor.dll
Symbol file LoadedFromMemory is not a mono symbol file
Symbol file data-0x120600000 doesn't match image /Users/sergei/dz3/dz3_2/Library/ScriptAssemblies/Unity.CollabProxy.Editor.dll
Symbol file LoadedFromMemory is not a mono symbol file
Symbol file data-0x13e088a00 doesn't match image /Users/sergei/dz3/dz3_2/Library/ScriptAssemblies/Unity.Services.Core.Threading.dll
Symbol file LoadedFromMemory is not a mono symbol file
Symbol file data-0x13e090600 doesn't match image /Users/sergei/dz3/dz3_2/Library/ScriptAssemblies/Unity.VisualScripting.State.dll
Symbol file LoadedFromMemory is not a mono symbol file
Symbol file data-0x13eb44c00 doesn't match image /Users/sergei/dz3/dz3_2/Library/ScriptAssemblies/Unity.Services.Core.Device.dll
Symbol file LoadedFromMemory is not a mono symbol file
Symbol file LoadedFromMemory doesn't match image /Users/sergei/dz3/dz3_2/Library/PackageCache/com.unity.visualscripting@1.8.0/Editor/VisualScripting.Core/Dependencies/YamlDotNet/Unity.VisualScripting.YamlDotNet.dll
Symbol file LoadedFromMemory doesn't match image /Users/sergei/dz3/dz3_2/Library/PackageCache/com.unity.visualscripting@1.8.0/Editor/VisualScripting.Core/Dependencies/DotNetZip/Unity.VisualScripting.IonicZip.dll
Native extension for Android target not found
Native extension for OSXStandalone target not found
Refreshing native plugins compatible for Editor in 0.42 ms, found 2 plugins.
Preloading 0 native plugins for Editor in 0.00 ms.
Mono: successfully reloaded assembly
- Completed reload, in  0.682 seconds
Domain Reload Profiling:
	ReloadAssembly (683ms)
		BeginReloadAssembly (66ms)
			ExecutionOrderSort (0ms)
			DisableScriptedObjects (3ms)
			BackupInstance (0ms)
			ReleaseScriptingObjects (0ms)
			CreateAndSetChildDomain (18ms)
		EndReloadAssembly (541ms)
			LoadAssemblies (57ms)
			RebuildTransferFunctionScriptingTraits (0ms)
			SetupTypeCache (188ms)
			ReleaseScriptCaches (0ms)
			RebuildScriptCaches (34ms)
			SetupLoadedEditorAssemblies (215ms)
				LogAssemblyErrors (0ms)
				InitializePlatformSupportModulesInManaged (9ms)
				SetLoadedEditorAssemblies (0ms)
				RefreshPlugins (0ms)
				BeforeProcessingInitializeOnLoad (58ms)
				ProcessInitializeOnLoadAttributes (128ms)
				ProcessInitializeOnLoadMethodAttributes (16ms)
				AfterProcessingInitializeOnLoad (3ms)
				EditorAssembliesLoaded (0ms)
			ExecutionOrderSort2 (0ms)
			AwakeInstancesAfterBackupRestoration (2ms)
Platform modules already initialized, skipping
========================================================================
Worker process is ready to serve import requests
Launching external process: /Applications/Unity/Hub/Editor/2021.3.17f1/Unity.app/Contents/Tools/UnityShaderCompiler
Launched and connected shader compiler UnityShaderCompiler after 0.05 seconds
Refreshing native plugins compatible for Editor in 0.40 ms, found 2 plugins.
Preloading 0 native plugins for Editor in 0.00 ms.
Unloading 3376 Unused Serialized files (Serialized files now loaded: 0)
Unloading 26 unused Assets / (321.6 KB). Loaded Objects now: 3836.
Memory consumption went from 110.2 MB to 109.9 MB.
Total: 2.422625 ms (FindLiveObjects: 0.111917 ms CreateObjectMapping: 0.038792 ms MarkObjects: 2.220833 ms  DeleteObjects: 0.050416 ms)

AssetImportParameters requested are different than current active one (requested -> active):
  custom:video-decoder-ogg-theora: a1e56fd34408186e4bbccfd4996cb3dc -> 
  custom:container-muxer-webm: aa71ff27fc2769a1b78a27578f13a17b -> 
  custom:container-demuxer-webm: 4f35f7cbe854078d1ac9338744f61a02 -> 
  custom:video-encoder-webm-vp8: eb34c28f22e8b96e1ab97ce403110664 -> 
  custom:framework-osx-AVFoundation: e770b220cccbd017edd2c1fefb359320 -> 
  custom:audio-encoder-webm-vorbis: bf7c407c2cedff20999df2af8eb42d56 -> 
  custom:container-demuxer-ogg: 62fdf1f143b41e24485cea50d1cbac27 -> 
  custom:video-decoder-webm-vp8: 9c59270c3fd7afecdb556c50c9e8de78 -> 
  custom:audio-decoder-ogg-vorbis: bf7c407c2cedff20999df2af8eb42d56 -> 
========================================================================
Received Import Request.
  Time since last request: 3456573.966217 seconds.
  path: 
  artifactKey: Guid(b483e98f3668c45af8605e5cadaa12e4) Importer(815301076,1909f56bfc062723c751e8b465ee728b)
Start importing  using Guid(b483e98f3668c45af8605e5cadaa12e4) Importer(815301076,1909f56bfc062723c751e8b465ee728b)  -> (artifact id: '00000000000000000000000000000000') in 0.000179 seconds  code(3) message(Unknown asset with GUID 'b483e98f3668c45af8605e5cadaa12e4')
  ERROR: Unknown asset with GUID 'b483e98f3668c45af8605e5cadaa12e4'
========================================================================
Received Import Request.
  Time since last request: 0.000177 seconds.
  path: 
  artifactKey: Guid(22e92f0abcf49418691409ecb975c8d0) Importer(815301076,1909f56bfc062723c751e8b465ee728b)
Start importing  using Guid(22e92f0abcf49418691409ecb975c8d0) Importer(815301076,1909f56bfc062723c751e8b465ee728b)  -> (artifact id: '00000000000000000000000000000000') in 0.000025 seconds  code(3) message(Unknown asset with GUID '22e92f0abcf49418691409ecb975c8d0')
  ERROR: Unknown asset with GUID '22e92f0abcf49418691409ecb975c8d0'
========================================================================
Received Import Request.
  Time since last request: 0.000094 seconds.
  path: 
  artifactKey: Guid(43bac7fac5fa44c78a69c8a436b2356c) Importer(815301076,1909f56bfc062723c751e8b465ee728b)
Start importing  using Guid(43bac7fac5fa44c78a69c8a436b2356c) Importer(815301076,1909f56bfc062723c751e8b465ee728b)  -> (artifact id: '00000000000000000000000000000000') in 0.000466 seconds  code(3) message(Unknown asset with GUID '43bac7fac5fa44c78a69c8a436b2356c')
  ERROR: Unknown asset with GUID '43bac7fac5fa44c78a69c8a436b2356c'
========================================================================
Received Import Request.
  Time since last request: 0.001516 seconds.
  path: 
  artifactKey: Guid(6fe99ae663fa8455f83d22f451c6b166) Importer(815301076,1909f56bfc062723c751e8b465ee728b)
Start importing  using Guid(6fe99ae663fa8455f83d22f451c6b166) Importer(815301076,1909f56bfc062723c751e8b465ee728b)  -> (artifact id: '00000000000000000000000000000000') in 0.000039 seconds  code(3) message(Unknown asset with GUID '6fe99ae663fa8455f83d22f451c6b166')
  ERROR: Unknown asset with GUID '6fe99ae663fa8455f83d22f451c6b166'
========================================================================
Received Import Request.
  Time since last request: 0.000123 seconds.
  path: 
  artifactKey: Guid(3f270a4afe49c410c90b91fc3e6834ec) Importer(815301076,1909f56bfc062723c751e8b465ee728b)
Start importing  using Guid(3f270a4afe49c410c90b91fc3e6834ec) Importer(815301076,1909f56bfc062723c751e8b465ee728b)  -> (artifact id: '00000000000000000000000000000000') in 0.000055 seconds  code(3) message(Unknown asset with GUID '3f270a4afe49c410c90b91fc3e6834ec')
  ERROR: Unknown asset with GUID '3f270a4afe49c410c90b91fc3e6834ec'
========================================================================
Received Import Request.
  Time since last request: 0.000187 seconds.
  path: 
  artifactKey: Guid(7860dc4086ae5409dab84b0c764f75ef) Importer(815301076,1909f56bfc062723c751e8b465ee728b)
Start importing  using Guid(7860dc4086ae5409dab84b0c764f75ef) Importer(815301076,1909f56bfc062723c751e8b465ee728b)  -> (artifact id: '00000000000000000000000000000000') in 0.000019 seconds  code(3) message(Unknown asset with GUID '7860dc4086ae5409dab84b0c764f75ef')
  ERROR: Unknown asset with GUID '7860dc4086ae5409dab84b0c764f75ef'
========================================================================
Received Import Request.
  Time since last request: 0.000054 seconds.
  path: 
  artifactKey: Guid(a097782b51aee4e57857bcafb520199e) Importer(815301076,1909f56bfc062723c751e8b465ee728b)
Start importing  using Guid(a097782b51aee4e57857bcafb520199e) Importer(815301076,1909f56bfc062723c751e8b465ee728b)  -> (artifact id: '00000000000000000000000000000000') in 0.000048 seconds  code(3) message(Unknown asset with GUID 'a097782b51aee4e57857bcafb520199e')
  ERROR: Unknown asset with GUID 'a097782b51aee4e57857bcafb520199e'
========================================================================
Received Import Request.
  Time since last request: 0.000057 seconds.
  path: 
  artifactKey: Guid(2ae3c0dd971344e369c391a707d3d4f3) Importer(815301076,1909f56bfc062723c751e8b465ee728b)
Start importing  using Guid(2ae3c0dd971344e369c391a707d3d4f3) Importer(815301076,1909f56bfc062723c751e8b465ee728b)  -> (artifact id: '00000000000000000000000000000000') in 0.000015 seconds  code(3) message(Unknown asset with GUID '2ae3c0dd971344e369c391a707d3d4f3')
  ERROR: Unknown asset with GUID '2ae3c0dd971344e369c391a707d3d4f3'
========================================================================
Received Import Request.
  Time since last request: 25.267476 seconds.
  path: 
  artifactKey: Guid(b483e98f3668c45af8605e5cadaa12e4) Importer(815301076,1909f56bfc062723c751e8b465ee728b)
Start importing  using Guid(b483e98f3668c45af8605e5cadaa12e4) Importer(815301076,1909f56bfc062723c751e8b465ee728b)  -> (artifact id: '00000000000000000000000000000000') in 0.000038 seconds  code(3) message(Unknown asset with GUID 'b483e98f3668c45af8605e5cadaa12e4')
  ERROR: Unknown asset with GUID 'b483e98f3668c45af8605e5cadaa12e4'
========================================================================
Received Import Request.
  Time since last request: 0.000042 seconds.
  path: 
  artifactKey: Guid(791f354242120476baad72c7a5501975) Importer(815301076,1909f56bfc062723c751e8b465ee728b)
Start importing  using Guid(791f354242120476baad72c7a5501975) Importer(815301076,1909f56bfc062723c751e8b465ee728b)  -> (artifact id: '00000000000000000000000000000000') in 0.000039 seconds  code(3) message(Unknown asset with GUID '791f354242120476baad72c7a5501975')
  ERROR: Unknown asset with GUID '791f354242120476baad72c7a5501975'
========================================================================
Received Import Request.
  Time since last request: 0.000046 seconds.
  path: 
  artifactKey: Guid(6fe99ae663fa8455f83d22f451c6b166) Importer(815301076,1909f56bfc062723c751e8b465ee728b)
Start importing  using Guid(6fe99ae663fa8455f83d22f451c6b166) Importer(815301076,1909f56bfc062723c751e8b465ee728b)  -> (artifact id: '00000000000000000000000000000000') in 0.000016 seconds  code(3) message(Unknown asset with GUID '6fe99ae663fa8455f83d22f451c6b166')
  ERROR: Unknown asset with GUID '6fe99ae663fa8455f83d22f451c6b166'
========================================================================
Received Import Request.
  Time since last request: 0.000055 seconds.
  path: 
  artifactKey: Guid(f749e2fb7217a4d3584793010aec345b) Importer(815301076,1909f56bfc062723c751e8b465ee728b)
Start importing  using Guid(f749e2fb7217a4d3584793010aec345b) Importer(815301076,1909f56bfc062723c751e8b465ee728b)  -> (artifact id: '00000000000000000000000000000000') in 0.000017 seconds  code(3) message(Unknown asset with GUID 'f749e2fb7217a4d3584793010aec345b')
  ERROR: Unknown asset with GUID 'f749e2fb7217a4d3584793010aec345b'
========================================================================
Received Import Request.
  Time since last request: 0.000037 seconds.
  path: 
  artifactKey: Guid(3f270a4afe49c410c90b91fc3e6834ec) Importer(815301076,1909f56bfc062723c751e8b465ee728b)
Start importing  using Guid(3f270a4afe49c410c90b91fc3e6834ec) Importer(815301076,1909f56bfc062723c751e8b465ee728b)  -> (artifact id: '00000000000000000000000000000000') in 0.000030 seconds  code(3) message(Unknown asset with GUID '3f270a4afe49c410c90b91fc3e6834ec')
  ERROR: Unknown asset with GUID '3f270a4afe49c410c90b91fc3e6834ec'
========================================================================
Received Import Request.
  Time since last request: 0.000047 seconds.
  path: 
  artifactKey: Guid(7860dc4086ae5409dab84b0c764f75ef) Importer(815301076,1909f56bfc062723c751e8b465ee728b)
Start importing  using Guid(7860dc4086ae5409dab84b0c764f75ef) Importer(815301076,1909f56bfc062723c751e8b465ee728b)  -> (artifact id: '00000000000000000000000000000000') in 0.000021 seconds  code(3) message(Unknown asset with GUID '7860dc4086ae5409dab84b0c764f75ef')
  ERROR: Unknown asset with GUID '7860dc4086ae5409dab84b0c764f75ef'
========================================================================
Received Import Request.
  Time since last request: 0.000060 seconds.
  path: 
  artifactKey: Guid(2ae3c0dd971344e369c391a707d3d4f3) Importer(815301076,1909f56bfc062723c751e8b465ee728b)
Start importing  using Guid(2ae3c0dd971344e369c391a707d3d4f3) Importer(815301076,1909f56bfc062723c751e8b465ee728b)  -> (artifact id: '00000000000000000000000000000000') in 0.000021 seconds  code(3) message(Unknown asset with GUID '2ae3c0dd971344e369c391a707d3d4f3')
  ERROR: Unknown asset with GUID '2ae3c0dd971344e369c391a707d3d4f3'
